----------

Wed Sep 02 2020 14:59:37 GMT-0700 (Pacific Daylight Time)

To https://github.com/Tweoss/tweoss.github.io.git
 ! [rejected]        master -> master (fetch first)
error: failed to push some refs to 'https://github.com/Tweoss/tweoss.github.io.git'


----------

Wed Sep 02 2020 14:59:37 GMT-0700 (Pacific Daylight Time)

hint: Updates were rejected because the remote contains work that you do
hint: not have locally. This is usually caused by another repository pushing
hint: to the same ref. You may want to first integrate the remote changes
hint: (e.g., 'git pull ...') before pushing again.
hint: See the 'Note about fast-forwards' in 'git push --help' for details.


----------

Wed Sep 02 2020 15:06:32 GMT-0700 (Pacific Daylight Time)

To https://github.com/Tweoss/tweoss.github.io.git
   6a0a75e..704a46e  master -> master


----------

Wed Sep 02 2020 15:06:38 GMT-0700 (Pacific Daylight Time)

To https://github.com/Tweoss/tweoss.github.io.git
   704a46e..1645b28  master -> master


----------

Wed Sep 02 2020 19:29:33 GMT-0700 (Pacific Daylight Time)

To https://github.com/Tweoss/tweoss.github.io.git
   1645b28..1ffbfe4  master -> master


----------

Thu Sep 03 2020 13:50:11 GMT-0700 (Pacific Daylight Time)

To https://github.com/Tweoss/tweoss.github.io.git
   ccf9f89..de2ebac  master -> master


----------

Thu Sep 03 2020 14:17:12 GMT-0700 (Pacific Daylight Time)

To https://github.com/Tweoss/tweoss.github.io.git
   de2ebac..a142be9  master -> master


----------

Thu Sep 03 2020 14:22:28 GMT-0700 (Pacific Daylight Time)

To https://github.com/Tweoss/tweoss.github.io.git
   a142be9..013d440  master -> master


----------

Thu Sep 03 2020 20:56:47 GMT-0700 (Pacific Daylight Time)

To https://github.com/Tweoss/tweoss.github.io.git
   013d440..d966cf2  master -> master


----------

Thu Sep 03 2020 21:50:25 GMT-0700 (Pacific Daylight Time)

To https://github.com/Tweoss/tweoss.github.io.git
   d966cf2..f3670a6  master -> master


----------

Thu Sep 03 2020 21:50:45 GMT-0700 (Pacific Daylight Time)

To https://github.com/Tweoss/tweoss.github.io.git
   f3670a6..3446d68  master -> master


----------

Fri Sep 04 2020 16:49:51 GMT-0700 (Pacific Daylight Time)

To https://github.com/Tweoss/tweoss.github.io.git
   3446d68..2eb83f9  master -> master


----------

Fri Sep 04 2020 16:55:26 GMT-0700 (Pacific Daylight Time)

To https://github.com/Tweoss/tweoss.github.io.git
   2eb83f9..569b7c8  master -> master


----------

Fri Sep 04 2020 16:56:14 GMT-0700 (Pacific Daylight Time)

To https://github.com/Tweoss/tweoss.github.io.git
   569b7c8..fac5011  master -> master


----------

Fri Sep 04 2020 16:56:36 GMT-0700 (Pacific Daylight Time)

To https://github.com/Tweoss/tweoss.github.io.git
   fac5011..407fd77  master -> master


----------

Tue Sep 29 2020 20:45:57 GMT-0700 (Pacific Daylight Time)

To https://github.com/Tweoss/tweoss.github.io.git
   407fd77..b5aeef4  master -> master


----------

Tue Sep 29 2020 20:56:31 GMT-0700 (Pacific Daylight Time)

To https://github.com/Tweoss/tweoss.github.io.git
   b5aeef4..b0f1157  master -> master


----------

Thu Dec 24 2020 14:23:46 GMT-0800 (Pacific Standard Time)

To https://github.com/Tweoss/tweoss.github.io.git
   b0f1157..3d03c83  master -> master


